23:31:43.200 -> Card UID: D0 42 DC 79

23:31:43.200 -> Card SAK: 08

23:31:43.233 -> PICC type: MIFARE 1KB

23:31:43.266 -> Sector Block   0  1  2  3   4  5  6  7   8  9 10 11  12 13 14 15  AccessBits

23:31:43.332 ->   15     63   00 00 00 00  00 00 FF 07  80 69 FF FF  FF FF FF FF  [ 0 0 1 ] 

23:31:43.432 ->          62   00 00 00 00  00 00 00 00  00 00 00 00  00 00 00 00  [ 0 0 0 ] 

23:31:43.498 ->          61   00 00 00 00  00 00 00 00  00 00 00 00  00 00 00 00  [ 0 0 0 ] 

23:31:43.565 ->          60   00 00 00 00  00 00 00 00  00 00 00 00  00 00 00 00  [ 0 0 0 ] 

23:31:43.664 ->   14     59   00 00 00 00  00 00 FF 07  80 69 FF FF  FF FF FF FF  [ 0 0 1 ] 

23:31:43.731 ->          58   00 00 00 00  00 00 00 00  00 00 00 00  00 00 00 00  [ 0 0 0 ] 

23:31:43.830 ->          57   00 00 00 00  00 00 00 00  00 00 00 00  00 00 00 00  [ 0 0 0 ] 

23:31:43.897 ->          56   00 00 00 00  00 00 00 00  00 00 00 00  00 00 00 00  [ 0 0 0 ] 

23:31:43.996 ->   13     55   00 00 00 00  00 00 FF 07  80 69 FF FF  FF FF FF FF  [ 0 0 1 ] 

23:31:44.063 ->          54   00 00 00 00  00 00 00 00  00 00 00 00  00 00 00 00  [ 0 0 0 ] 

23:31:44.163 ->          53   00 00 00 00  00 00 00 00  00 00 00 00  00 00 00 00  [ 0 0 0 ] 

23:31:44.229 ->          52   00 00 00 00  00 00 00 00  00 00 00 00  00 00 00 00  [ 0 0 0 ] 

23:31:44.295 ->   12     51   00 00 00 00  00 00 FF 07  80 69 FF FF  FF FF FF FF  [ 0 0 1 ] 

23:31:44.395 ->          50   00 00 00 00  00 00 00 00  00 00 00 00  00 00 00 00  [ 0 0 0 ] 

23:31:44.462 ->          49   00 00 00 00  00 00 00 00  00 00 00 00  00 00 00 00  [ 0 0 0 ] 

23:31:44.561 ->          48   00 00 00 00  00 00 00 00  00 00 00 00  00 00 00 00  [ 0 0 0 ] 

23:31:44.628 ->   11     47   00 00 00 00  00 00 FF 07  80 69 FF FF  FF FF FF FF  [ 0 0 1 ] 

23:31:44.728 ->          46   00 00 00 00  00 00 00 00  00 00 00 00  00 00 00 00  [ 0 0 0 ] 

23:31:44.794 ->          45   00 00 00 00  00 00 00 00  00 00 00 00  00 00 00 00  [ 0 0 0 ] 

23:31:44.894 ->          44   00 00 00 00  00 00 00 00  00 00 00 00  00 00 00 00  [ 0 0 0 ] 

23:31:44.960 ->   10     43   00 00 00 00  00 00 FF 07  80 69 FF FF  FF FF FF FF  [ 0 0 1 ] 

23:31:45.059 ->          42   00 00 00 00  00 00 00 00  00 00 00 00  00 00 00 00  [ 0 0 0 ] 

23:31:45.126 ->          41   00 00 00 00  00 00 00 00  00 00 00 00  00 00 00 00  [ 0 0 0 ] 

23:31:45.192 ->          40   00 00 00 00  00 00 00 00  00 00 00 00  00 00 00 00  [ 0 0 0 ] 

23:31:45.292 ->    9     39   00 00 00 00  00 00 FF 07  80 69 FF FF  FF FF FF FF  [ 0 0 1 ] 

23:31:45.358 ->          38   00 00 00 00  00 00 00 00  00 00 00 00  00 00 00 00  [ 0 0 0 ] 

23:31:45.458 ->          37   00 00 00 00  00 00 00 00  00 00 00 00  00 00 00 00  [ 0 0 0 ] 

23:31:45.524 ->          36   00 00 00 00  00 00 00 00  00 00 00 00  00 00 00 00  [ 0 0 0 ] 

23:31:45.624 ->    8     35   00 00 00 00  00 00 FF 07  80 69 FF FF  FF FF FF FF  [ 0 0 1 ] 

23:31:45.690 ->          34   00 00 00 00  00 00 00 00  00 00 00 00  00 00 00 00  [ 0 0 0 ] 

23:31:45.757 ->          33   00 00 00 00  00 00 00 00  00 00 00 00  00 00 00 00  [ 0 0 0 ] 

23:31:45.856 ->          32   00 00 00 00  00 00 00 00  00 00 00 00  00 00 00 00  [ 0 0 0 ] 

23:31:45.923 ->    7     31   00 00 00 00  00 00 FF 07  80 69 FF FF  FF FF FF FF  [ 0 0 1 ] 

23:31:46.022 ->          30   00 00 00 00  00 00 00 00  00 00 00 00  00 00 00 00  [ 0 0 0 ] 

23:31:46.089 ->          29   00 00 00 00  00 00 00 00  00 00 00 00  00 00 00 00  [ 0 0 0 ] 

23:31:46.189 ->          28   00 00 00 00  00 00 00 00  00 00 00 00  00 00 00 00  [ 0 0 0 ] 

23:31:46.255 ->    6     27   00 00 00 00  00 00 FF 07  80 69 FF FF  FF FF FF FF  [ 0 0 1 ] 

23:31:46.354 ->          26   00 00 00 00  00 00 00 00  00 00 00 00  00 00 00 00  [ 0 0 0 ] 

23:31:46.421 ->          25   00 00 00 00  00 00 00 00  00 00 00 00  00 00 00 00  [ 0 0 0 ] 

23:31:46.520 ->          24   00 00 00 00  00 00 00 00  00 00 00 00  00 00 00 00  [ 0 0 0 ] 

23:31:46.587 ->    5     23   00 00 00 00  00 00 FF 07  80 69 FF FF  FF FF FF FF  [ 0 0 1 ] 

23:31:46.653 ->          22   00 00 00 00  00 00 00 00  00 00 00 00  00 00 00 00  [ 0 0 0 ] 

23:31:46.753 ->          21   00 00 00 00  00 00 00 00  00 00 00 00  00 00 00 00  [ 0 0 0 ] 

23:31:46.819 ->          20   00 00 00 00  00 00 00 00  00 00 00 00  00 00 00 00  [ 0 0 0 ] 

23:31:46.919 ->    4     19   00 00 00 00  00 00 FF 07  80 69 FF FF  FF FF FF FF  [ 0 0 1 ] 

23:31:46.985 ->          18   00 00 00 00  00 00 00 00  00 00 00 00  00 00 00 00  [ 0 0 0 ] 

23:31:47.085 ->          17   00 00 00 00  00 00 00 00  00 00 00 00  00 00 00 00  [ 0 0 0 ] 

23:31:47.151 ->          16   00 00 00 00  00 00 00 00  00 00 00 00  00 00 00 00  [ 0 0 0 ] 

23:31:47.218 ->    3     15   00 00 00 00  00 00 FF 07  80 69 FF FF  FF FF FF FF  [ 0 0 1 ] 

23:31:47.317 ->          14   00 00 00 00  00 00 00 00  00 00 00 00  00 00 00 00  [ 0 0 0 ] 

23:31:47.384 ->          13   00 00 00 00  00 00 00 00  00 00 00 00  00 00 00 00  [ 0 0 0 ] 

23:31:47.483 ->          12   00 00 00 00  00 00 00 00  00 00 00 00  00 00 00 00  [ 0 0 0 ] 

23:31:47.550 ->    2     11   00 00 00 00  00 00 FF 07  80 69 FF FF  FF FF FF FF  [ 0 0 1 ] 

23:31:47.650 ->          10   00 00 00 00  00 00 00 00  00 00 00 00  00 00 00 00  [ 0 0 0 ] 

23:31:47.716 ->           9   00 00 00 00  00 00 00 00  00 00 00 00  00 00 00 00  [ 0 0 0 ] 

23:31:47.816 ->           8   00 00 00 00  00 00 00 00  00 00 00 00  00 00 00 00  [ 0 0 0 ] 

23:31:47.882 ->    1      7   00 00 00 00  00 00 FF 07  80 69 FF FF  FF FF FF FF  [ 0 0 1 ] 

23:31:47.981 ->           6   00 00 00 00  00 00 00 00  00 00 00 00  00 00 00 00  [ 0 0 0 ] 

23:31:48.048 ->           5   00 00 00 00  00 00 00 00  00 00 00 00  00 00 00 00  [ 0 0 0 ] 

23:31:48.147 ->           4   00 00 00 00  00 00 00 00  00 00 00 00  00 00 00 00  [ 0 0 0 ] 

23:31:48.214 ->    0      3   00 00 00 00  00 00 FF 07  80 69 FF FF  FF FF FF FF  [ 0 0 1 ] 

23:31:48.280 ->           2   00 00 00 00  00 00 00 00  00 00 00 00  00 00 00 00  [ 0 0 0 ] 

23:31:48.380 ->           1   00 00 00 00  00 00 00 00  00 00 00 00  00 00 00 00  [ 0 0 0 ] 

23:31:48.446 ->           0   D0 42 DC 79  37 08 04 00  62 63 64 65  66 67 68 69  [ 0 0 0 ]
